<?xml version="1.0" encoding="UTF-8"?>
<krpano version="1.19-pr16">

    
  <!-- Spot Style - Default Point Spot Style -->


  <style name="IconDefaultPointSpotStyle"
         url="%FIRSTXML%/spots/hotspot_image_sequence_user_defaultpoint0.png"
         visible="false"
         frame="0"
         lastframe="22"
         framewidth="50"
         frameheight="50"
         stopspotsequence="false"
         crop="0|0|50|50"
         edge="center"
         onloaded="startspotanimation(0.1);"
         onhover="onhoverIconDefaultPointSpotStyle"
         onout="onoutIconDefaultPointSpotStyle"


         />
  <action name="onhoverIconDefaultPointSpotStyle">
    showtooltip('hotspot');
  </action>
  <action name="onoutIconDefaultPointSpotStyle">
    hideTooltip();



  </action>



  <!-- unsupported kind of display : PointMap -->


  <!-- FLOORPLAN -->
  <action name="hideFloorplan">set(tour_displayfloorplan, false);events.dispatch(onhidetourfloorplan);</action>
  <action name="showFloorplan">set(tour_displayfloorplan, true); events.dispatch(onshowtourfloorplan);</action>


</krpano>