<?xml version="1.0" encoding="UTF-8"?>
<krpano version="1.19-pr16"
        onstart="startup"
        logkey="false"
        bgcolor="#ffffff"
        projectfloorplanurl="%FIRSTXML%/floorplan/map.jpg"
        projecttitleid="project_title"
        projectdescriptionid="">


  <security cors="">
  </security>

  <krpano tour_firststartactiondone="false" />
  <events name="startbehavioursevents" onxmlcomplete="startbehavioursxmlcompleteaction();" keep="true"/>

  <!-- generated by Panotour Pro V2.5.14 64bits : 15-04-2021 23-41-19 -->
  <!-- Plugins and Spot Styles -->
  <include url="%FIRSTXML%/test-toor_skin_vr.xml"/>
  <!-- Core actions -->
  <include url="%FIRSTXML%/test-toor_core_vr.xml"/>
  <!-- Tour Messages -->
  <include url="%FIRSTXML%/test-toor_messages_ru.xml"/>

  <action name="startup">

    if (s !== null, if (startscene === null OR startscene === "undefined", set(startscene, get(s));); );
    if (startscene === null OR startscene === "undefined",
      set(startscene, pano10);
    );
    if(startlanguage !== null AND startlanguage !== "undefined",
      set(tour_language, get(startlanguage));
    );
    if(starttime !== null AND starttime !== "undefined" AND starttime GT 0,
      set(videoscenestarttime, get(starttime));
    ,
      set(videoscenestarttime, 0);
    );
    if(scene[get(startscene)].full360,
    mainloadsceneStartup(get(startscene));
    if (h !== null,
      if (v !== null,
        if (f !== null,
          lookat(get(h), get(v), get(f));
         ,
          lookat(get(h), get(v));
        );
      ,
        if (f !== null,
          lookat(get(h), get(view.vlookat), get(f));
         ,
          lookat(get(h), get(view.vlookat));
        );
      );
    ,
      if (v !== null,
        if (f !== null,
          lookat(get(view.hlookat), get(v), get(f));
         ,
          lookat(get(view.hlookat), get(v));
        );
      ,
        if (f !== null,
          lookat(get(view.hlookat), get(view.vlookat), get(f));
        );
      );
    );
    );
  </action>

  <!-- 2 Groups -->

  <!-- Group Group 11 : 1 panoramas -->
  
<!-- **** @PanoName="WhatsApp Image 2021-04-09 at 10.36.34" @PanoFile="C:/Users/user/Desktop/Данила/new/WhatsApp Image 2021-04-09 at 10.36.34.jpeg" **** -->
<!-- **** Width="1280px" Height="640px" **** -->
<scene name="pano10"
       heading="74.200000000001694"
       thumburl="%FIRSTXML%/whatsapp_image_2021__10/thumbnail.jpg"
       backgroundsound=""
       backgroundsoundloops="0"
       haspolygons="false"
       titleid="pano10_title"
       descriptionid=""
       multires="true"
       planar="false"
       full360="true"
       video="false"
       seen="false">
    <autorotate horizon="5.400000" tofov="90.000000" waittime="1" speed="5"/>
    <panoview h="-90.900000" v="5.400000" fov="90.000000" hmin="-180" hmax="180" vmin="-90" vmax="69.437609841827779" fovmax="90" />
    <view fisheye="0"
          limitview="range"
          hlookatmin="-180"
          hlookatmax="180"
          vlookatmin="-90"
          vlookatmax="69.437609841827779"
          maxpixelzoom=""
          fovmin="90"
          fovtype="VFOV"
          fovmax="90"
          fov="90.000000"
          hlookat="-90.900000"
          vlookat="5.400000"/>
    <preview url="%FIRSTXML%/whatsapp_image_2021__10/preview.jpg" type="CUBESTRIP" striporder="FRBLUD" />
    <image type="CUBE" multires="true" baseindex="0" tilesize="512" devices="!androidstock|webgl">
      <level tiledimagewidth="512" tiledimageheight="512">
          <front url="whatsapp_image_2021__10/0/0/%v_%u.jpg"/>
          <right url="whatsapp_image_2021__10/1/0/%v_%u.jpg"/>
          <back  url="whatsapp_image_2021__10/2/0/%v_%u.jpg"/>
          <left  url="whatsapp_image_2021__10/3/0/%v_%u.jpg"/>
          <up    url="whatsapp_image_2021__10/4/0/%v_%u.jpg"/>
          <down  url="whatsapp_image_2021__10/5/0/%v_%u.jpg"/>
      </level>
    </image>
    <image type="CUBE" devices="androidstock.and.no-webgl">
      <front url="whatsapp_image_2021__10/mobile/0.jpg"/>
      <right url="whatsapp_image_2021__10/mobile/1.jpg"/>
      <back  url="whatsapp_image_2021__10/mobile/2.jpg"/>
      <left  url="whatsapp_image_2021__10/mobile/3.jpg"/>
      <up    url="whatsapp_image_2021__10/mobile/4.jpg"/>
      <down  url="whatsapp_image_2021__10/mobile/5.jpg"/>
    </image>




  <!-- **** 1 Point Spots **** -->





  <hotspot name="spotpoint14"
           ath="-101.230228" atv="4.753521"
           style="IconDefaultPointSpotStyle"
           tag="point"
           distorted="true"
           depth="1000"
           descriptionid=""
           linktarget="pano12"
           onclick="onclickspotpoint14"
           tooltip="spotpoint14_tooltip"
           />
  <hotspot name="spotpoint14" devices="flash" zorder="3"/>
  <hotspot name="spotpoint14" devices="html5" zorder="3" zorder2="1"/>
  <action name="onclickspotpoint14">
  
        mainloadscene(pano12);


  </action>



  <action name="hidepanopointspots">



    set(hotspot[spotpoint14].visible, false);
  </action>
  <action name="showpanopointspots">



  
  set(hotspot[spotpoint14].visible, true);
  </action>
  <events name="pano10stopanimatedspots" onremovepano="stopspotanimation(spotpoint14);" />


  <action name="showpanospotsaction">
    if (tour_displayspots,
    showpanopointspots();
    );
  </action>
  <action name="hidepanospotsaction">
    hidepanopointspots();
  </action>


</scene>

  <!-- Group Group 13 : 1 panoramas -->
  
<!-- **** @PanoName="3" @PanoFile="C:/Users/user/Desktop/Данила/new/3.jpg" **** -->
<!-- **** Width="6000px" Height="3000px" **** -->
<scene name="pano12"
       heading="68.399999999998329"
       thumburl="%FIRSTXML%/_3_12/thumbnail.jpg"
       backgroundsound=""
       backgroundsoundloops="0"
       haspolygons="false"
       titleid="pano12_title"
       descriptionid=""
       multires="true"
       planar="false"
       full360="true"
       video="false"
       seen="false">
    <autorotate horizon="2.250000" tofov="90.000000" waittime="1" speed="5"/>
    <panoview h="164.700000" v="2.250000" fov="90.000000" hmin="-180" hmax="180" vmin="-90" vmax="90" fovmax="90" />
    <view fisheye="0"
          limitview="range"
          hlookatmin="-180"
          hlookatmax="180"
          vlookatmin="-90"
          vlookatmax="90"
          maxpixelzoom=""
          fovmin="90"
          fovtype="VFOV"
          fovmax="90"
          fov="90.000000"
          hlookat="164.700000"
          vlookat="2.250000"/>
    <preview url="%FIRSTXML%/_3_12/preview.jpg" type="CUBESTRIP" striporder="FRBLUD" />
    <image type="CUBE" multires="true" baseindex="0" tilesize="512" devices="!androidstock|webgl">
      <level tiledimagewidth="2048" tiledimageheight="2048">
          <front url="_3_12/0/1/%v_%u.jpg"/>
          <right url="_3_12/1/1/%v_%u.jpg"/>
          <back  url="_3_12/2/1/%v_%u.jpg"/>
          <left  url="_3_12/3/1/%v_%u.jpg"/>
          <up    url="_3_12/4/1/%v_%u.jpg"/>
          <down  url="_3_12/5/1/%v_%u.jpg"/>
      </level>
      <level tiledimagewidth="1024" tiledimageheight="1024">
          <front url="_3_12/0/0/%v_%u.jpg"/>
          <right url="_3_12/1/0/%v_%u.jpg"/>
          <back  url="_3_12/2/0/%v_%u.jpg"/>
          <left  url="_3_12/3/0/%v_%u.jpg"/>
          <up    url="_3_12/4/0/%v_%u.jpg"/>
          <down  url="_3_12/5/0/%v_%u.jpg"/>
      </level>
    </image>
    <image type="CUBE" devices="androidstock.and.no-webgl">
      <front url="_3_12/mobile/0.jpg"/>
      <right url="_3_12/mobile/1.jpg"/>
      <back  url="_3_12/mobile/2.jpg"/>
      <left  url="_3_12/mobile/3.jpg"/>
      <up    url="_3_12/mobile/4.jpg"/>
      <down  url="_3_12/mobile/5.jpg"/>
    </image>




  <!-- **** 2 Point Spots **** -->





  <hotspot name="spotpoint15"
           ath="-79.402460" atv="5.070423"
           style="IconDefaultPointSpotStyle"
           tag="point"
           distorted="true"
           depth="1000"
           descriptionid=""
           linktarget="pano10"
           onclick="onclickspotpoint15"
           tooltip="spotpoint15_tooltip"
           />
  <hotspot name="spotpoint15" devices="flash" zorder="3"/>
  <hotspot name="spotpoint15" devices="html5" zorder="3" zorder2="1"/>
  <action name="onclickspotpoint15">
  
        mainloadscene(pano10);


  </action>







  <hotspot name="spotpoint16"
           ath="95.536028" atv="11.091549"
           style="IconDefaultPointSpotStyle"
           tag="point"
           distorted="true"
           depth="1000"
           descriptionid=""
           linktarget="pano10"
           onclick="onclickspotpoint16"
           />
  <hotspot name="spotpoint16" devices="flash" zorder="3"/>
  <hotspot name="spotpoint16" devices="html5" zorder="3" zorder2="1"/>
  <action name="onclickspotpoint16">
  
        mainloadscene(pano10);


  </action>



  <action name="hidepanopointspots">



    set(hotspot[spotpoint15].visible, false);



    set(hotspot[spotpoint16].visible, false);
  </action>
  <action name="showpanopointspots">



  
  set(hotspot[spotpoint15].visible, true);



  
  set(hotspot[spotpoint16].visible, true);
  </action>
  <events name="pano12stopanimatedspots" onremovepano="stopspotanimation(spotpoint15);stopspotanimation(spotpoint16);" />


  <action name="showpanospotsaction">
    if (tour_displayspots,
    showpanopointspots();
    );
  </action>
  <action name="hidepanospotsaction">
    hidepanopointspots();
  </action>


</scene>

  <krpano nofullspherepanoavailable="false" />


  <!-- Awake HTML5 plugins -->
  <events name="eventKrpanoLoadedEvts" onxmlcomplete="eventKrpanoLoadedAction();" keep="true" />
  <action name="eventKrpanoLoadedAction">
    
    set(events[eventKrpanoLoadedEvts].name, null);
    js(eventKrpanoLoaded('webvr'));
  </action>

</krpano>

